[debug] [2023-10-08T18:52:17.721Z] ----------------------------------------------------------------------
[debug] [2023-10-08T18:52:17.724Z] Command:       C:\Program Files\nodejs\node.exe C:\Users\DELL\AppData\Roaming\npm\node_modules\firebase-tools\lib\bin\firebase.js init
[debug] [2023-10-08T18:52:17.725Z] CLI Version:   12.6.2
[debug] [2023-10-08T18:52:17.725Z] Platform:      win32
[debug] [2023-10-08T18:52:17.726Z] Node Version:  v18.17.0
[debug] [2023-10-08T18:52:17.727Z] Time:          Sun Oct 08 2023 23:52:17 GMT+0500 (Pakistan Standard Time)
[debug] [2023-10-08T18:52:17.727Z] ----------------------------------------------------------------------
[debug] 
[debug] [2023-10-08T18:52:17.741Z] > command requires scopes: ["email","openid","https://www.googleapis.com/auth/cloudplatformprojects.readonly","https://www.googleapis.com/auth/firebase","https://www.googleapis.com/auth/cloud-platform"]
[debug] [2023-10-08T18:52:17.742Z] > authorizing via signed-in user (zeeshanelahi104@gmail.com)
[info] 
     ######## #### ########  ######## ########     ###     ######  ########
     ##        ##  ##     ## ##       ##     ##  ##   ##  ##       ##
     ######    ##  ########  ######   ########  #########  ######  ######
     ##        ##  ##    ##  ##       ##     ## ##     ##       ## ##
     ##       #### ##     ## ######## ########  ##     ##  ######  ########

You're about to initialize a Firebase project in this directory:

  D:\SMIT Hackathon\Role base Routing

[info] 
=== Project Setup
[info] 
[info] First, let's associate this project directory with a Firebase project.
[info] You can create multiple project aliases by running firebase use --add, 
[info] but for now we'll just set up a default project.
[info] 
[debug] [2023-10-08T18:52:27.776Z] Using project from CLI flag: react-todo-wmad6
[debug] [2023-10-08T18:52:27.779Z] >>> [apiv2][query] GET https://firebase.googleapis.com/v1beta1/projects/react-todo-wmad6 [none]
[debug] [2023-10-08T18:52:28.567Z] <<< [apiv2][status] GET https://firebase.googleapis.com/v1beta1/projects/react-todo-wmad6 403
[debug] [2023-10-08T18:52:28.568Z] <<< [apiv2][body] GET https://firebase.googleapis.com/v1beta1/projects/react-todo-wmad6 {"error":{"code":403,"message":"The caller does not have permission","status":"PERMISSION_DENIED"}}
[debug] [2023-10-08T18:52:28.570Z] HTTP Error: 403, The caller does not have permission
[debug] [2023-10-08T18:52:28.574Z] FirebaseError: HTTP Error: 403, The caller does not have permission
    at responseToError (C:\Users\DELL\AppData\Roaming\npm\node_modules\firebase-tools\lib\responseToError.js:49:12)
    at RetryOperation._fn (C:\Users\DELL\AppData\Roaming\npm\node_modules\firebase-tools\lib\apiv2.js:285:77)
    at process.processTicksAndRejections (node:internal/process/task_queues:95:5)
[error] 
[error] Error: Failed to get Firebase project react-todo-wmad6. Please make sure the project exists and your account has permission to access it.
[debug] [2023-10-08T18:55:46.166Z] ----------------------------------------------------------------------
[debug] [2023-10-08T18:55:46.196Z] Command:       C:\Program Files\nodejs\node.exe C:\Users\DELL\AppData\Roaming\npm\node_modules\firebase-tools\lib\bin\firebase.js init
[debug] [2023-10-08T18:55:46.198Z] CLI Version:   12.6.2
[debug] [2023-10-08T18:55:46.200Z] Platform:      win32
[debug] [2023-10-08T18:55:46.200Z] Node Version:  v18.17.0
[debug] [2023-10-08T18:55:46.209Z] Time:          Sun Oct 08 2023 23:55:46 GMT+0500 (Pakistan Standard Time)
[debug] [2023-10-08T18:55:46.209Z] ----------------------------------------------------------------------
[debug] 
[debug] [2023-10-08T18:55:46.237Z] > command requires scopes: ["email","openid","https://www.googleapis.com/auth/cloudplatformprojects.readonly","https://www.googleapis.com/auth/firebase","https://www.googleapis.com/auth/cloud-platform"]
[debug] [2023-10-08T18:55:46.238Z] > authorizing via signed-in user (zeeshanelahi104@gmail.com)
[info] 
     ######## #### ########  ######## ########     ###     ######  ########
     ##        ##  ##     ## ##       ##     ##  ##   ##  ##       ##
     ######    ##  ########  ######   ########  #########  ######  ######
     ##        ##  ##    ##  ##       ##     ## ##     ##       ## ##
     ##       #### ##     ## ######## ########  ##     ##  ######  ########

You're about to initialize a Firebase project in this directory:

  D:\SMIT Hackathon\Role base Routing

